<?xml version="1.0" encoding="UTF-8"?>
<!-- Generated by org.testng.reporters.JUnitReportReporter -->
<testsuite hostname="Ashwinis-MacBook-Air.local" failures="0" tests="1" name="WebSecu.BDDSecuTest.AppTest" time="0.003" errors="0" timestamp="2023-12-07T11:49:13 IST" skipped="0">
  <testcase classname="WebSecu.BDDSecuTest.AppTest" name="testApp" time="0.003"/>
  <system-out/>
</testsuite> <!-- WebSecu.BDDSecuTest.AppTest -->
